app/build/outputs/logs/manifest-merger-debug-report.txt
-- Merging decision tree log ---
manifest
ADDED from src\main\AndroidManifest.xml:2:1-102:12
	package
		ADDED from src\main\AndroidManifest.xml:3:5-39
		INJECTED from src\main\AndroidManifest.xml
		INJECTED from src\main\AndroidManifest.xml
	android:versionName
		INJECTED from src\main\AndroidManifest.xml
		INJECTED from src\main\AndroidManifest.xml
	xmlns:android
		ADDED from src\main\AndroidManifest.xml:2:11-69
	android:versionCode
		INJECTED from src\main\AndroidManifest.xml
		INJECTED from src\main\AndroidManifest.xml
uses-permission#android.permission.RECEIVE_BOOT_COMPLETED
ADDED from src\main\AndroidManifest.xml:5:5-80
	android:name
		ADDED from src\main\AndroidManifest.xml:5:22-78
uses-permission#android.permission.WAKE_LOCK
ADDED from src\main\AndroidManifest.xml:6:5-67
	android:name
		ADDED from src\main\AndroidManifest.xml:6:22-65
uses-permission#android.permission.INTERNET
ADDED from src\main\AndroidManifest.xml:8:5-66
MERGED from [com.mixpanel.android:mixpanel-android:4.9.2] AndroidManifest.xml:16:5-67
	android:name
		ADDED from src\main\AndroidManifest.xml:8:22-64
uses-permission#android.permission.RECORD_AUDIO
ADDED from src\main\AndroidManifest.xml:9:5-70
	android:name
		ADDED from src\main\AndroidManifest.xml:9:22-68
uses-permission#android.permission.CAMERA
ADDED from src\main\AndroidManifest.xml:10:5-64
	android:name
		ADDED from src\main\AndroidManifest.xml:10:22-62
uses-feature#android.hardware.camera.front
ADDED from src\main\AndroidManifest.xml:12:5-14:35
	android:required
		ADDED from src\main\AndroidManifest.xml:14:9-33
	android:name
		ADDED from src\main\AndroidManifest.xml:13:9-53
uses-feature#android.hardware.sensor.light
ADDED from src\main\AndroidManifest.xml:16:5-18:35
	android:required
		ADDED from src\main\AndroidManifest.xml:18:9-33
	android:name
		ADDED from src\main\AndroidManifest.xml:17:9-53
uses-permission#android.permission.ACCESS_NETWORK_STATE
ADDED from src\main\AndroidManifest.xml:20:5-78
	android:name
		ADDED from src\main\AndroidManifest.xml:20:22-76
uses-permission#android.permission.WRITE_EXTERNAL_STORAGE
ADDED from src\main\AndroidManifest.xml:21:5-80
	android:name
		ADDED from src\main\AndroidManifest.xml:21:22-78
uses-permission#android.permission.VIBRATE
ADDED from src\main\AndroidManifest.xml:22:5-66
	android:name
		ADDED from src\main\AndroidManifest.xml:22:22-63
application
ADDED from src\main\AndroidManifest.xml:24:5-100:19
MERGED from [com.android.support:design:23.4.0] AndroidManifest.xml:22:5-20
MERGED from [com.android.support:preference-v14:23.0.1] AndroidManifest.xml:9:5-20
MERGED from [com.android.support:preference-v7:23.0.1] AndroidManifest.xml:9:5-20
MERGED from [com.android.support:appcompat-v7:23.4.0] AndroidManifest.xml:25:5-20
MERGED from [com.android.support:animated-vector-drawable:23.4.0] AndroidManifest.xml:7:5-20
MERGED from [com.android.support:support-vector-drawable:23.4.0] AndroidManifest.xml:7:5-20
MERGED from [com.android.support:support-v4:23.4.0] AndroidManifest.xml:22:5-20
MERGED from [com.mixpanel.android:mixpanel-android:4.9.2] AndroidManifest.xml:42:5-122:19
	android:label
		ADDED from src\main\AndroidManifest.xml:28:9-41
	android:allowBackup
		ADDED from src\main\AndroidManifest.xml:26:9-35
	android:icon
		ADDED from src\main\AndroidManifest.xml:27:9-43
	android:theme
		ADDED from src\main\AndroidManifest.xml:29:9-40
	android:name
		ADDED from src\main\AndroidManifest.xml:25:9-73
activity#rosmi.acagild.alarmclock.appcore.AlarmMainActivity
ADDED from src\main\AndroidManifest.xml:31:9-38:20
	android:screenOrientation
		ADDED from src\main\AndroidManifest.xml:33:13-49
	android:name
		ADDED from src\main\AndroidManifest.xml:32:13-78
intent-filter#android.intent.action.MAIN+android.intent.category.LAUNCHER
ADDED from src\main\AndroidManifest.xml:34:13-37:29
action#android.intent.action.MAIN
ADDED from src\main\AndroidManifest.xml:35:17-68
	android:name
		ADDED from src\main\AndroidManifest.xml:35:25-66
category#android.intent.category.LAUNCHER
ADDED from src\main\AndroidManifest.xml:36:17-76
	android:name
		ADDED from src\main\AndroidManifest.xml:36:27-74
activity#rosmi.acagild.alarmclock.ringing.AlarmRingingActivity
ADDED from src\main\AndroidManifest.xml:40:9-44:83
	android:screenOrientation
		ADDED from src\main\AndroidManifest.xml:43:13-49
	android:launchMode
		ADDED from src\main\AndroidManifest.xml:42:13-44
	android:theme
		ADDED from src\main\AndroidManifest.xml:44:13-80
	android:name
		ADDED from src\main\AndroidManifest.xml:41:13-81
receiver#rosmi.acagild.alarmclock.ringing.AlarmWakeReceiver
ADDED from src\main\AndroidManifest.xml:46:9-49:39
	android:enabled
		ADDED from src\main\AndroidManifest.xml:48:13-35
	android:exported
		ADDED from src\main\AndroidManifest.xml:49:13-37
	android:name
		ADDED from src\main\AndroidManifest.xml:47:13-78
service#rosmi.acagild.alarmclock.ringing.AlarmRingingService
ADDED from src\main\AndroidManifest.xml:51:9-53:37
	android:enabled
		ADDED from src\main\AndroidManifest.xml:53:13-35
	android:name
		ADDED from src\main\AndroidManifest.xml:52:13-80
receiver#rosmi.acagild.alarmclock.scheduling.AlarmRegistrar
ADDED from src\main\AndroidManifest.xml:55:9-63:20
	android:name
		ADDED from src\main\AndroidManifest.xml:56:13-78
intent-filter#android.intent.action.BOOT_COMPLETED+android.intent.action.DATE_CHANGED+android.intent.action.TIMEZONE_CHANGED+android.intent.action.TIME_SET
ADDED from src\main\AndroidManifest.xml:57:13-62:29
action#android.intent.action.BOOT_COMPLETED
ADDED from src\main\AndroidManifest.xml:58:17-78
	android:name
		ADDED from src\main\AndroidManifest.xml:58:25-76
action#android.intent.action.TIMEZONE_CHANGED
ADDED from src\main\AndroidManifest.xml:59:17-80
	android:name
		ADDED from src\main\AndroidManifest.xml:59:25-78
action#android.intent.action.TIME_SET
ADDED from src\main\AndroidManifest.xml:60:17-72
	android:name
		ADDED from src\main\AndroidManifest.xml:60:25-70
action#android.intent.action.DATE_CHANGED
ADDED from src\main\AndroidManifest.xml:61:17-76
	android:name
		ADDED from src\main\AndroidManifest.xml:61:25-74
activity#rosmi.acagild.alarmclock.globalsettings.AlarmGlobalSettingsActivity
ADDED from src\main\AndroidManifest.xml:65:9-73:20
	android:screenOrientation
		ADDED from src\main\AndroidManifest.xml:69:13-49
	android:label
		ADDED from src\main\AndroidManifest.xml:67:13-66
	android:parentActivityName
		ADDED from src\main\AndroidManifest.xml:68:13-92
	android:name
		ADDED from src\main\AndroidManifest.xml:66:13-95
meta-data#android.support.PARENT_ACTIVITY
ADDED from src\main\AndroidManifest.xml:70:13-72:85
	android:value
		ADDED from src\main\AndroidManifest.xml:72:17-83
	android:name
		ADDED from src\main\AndroidManifest.xml:71:17-63
activity#rosmi.acagild.alarmclock.appcore.LearnMoreActivity
ADDED from src\main\AndroidManifest.xml:75:9-82:20
	android:screenOrientation
		ADDED from src\main\AndroidManifest.xml:78:13-49
	android:parentActivityName
		ADDED from src\main\AndroidManifest.xml:77:13-92
	android:name
		ADDED from src\main\AndroidManifest.xml:76:13-78
uses-sdk
INJECTED from src\main\AndroidManifest.xml reason: use-sdk injection requested
MERGED from [com.android.support:design:23.4.0] AndroidManifest.xml:20:5-43
MERGED from [com.android.support:preference-v14:23.0.1] AndroidManifest.xml:7:5-44
MERGED from [com.android.support:preference-v7:23.0.1] AndroidManifest.xml:7:5-43
MERGED from [com.android.support:recyclerview-v7:23.4.0] AndroidManifest.xml:20:5-43
MERGED from [com.android.support:appcompat-v7:23.4.0] AndroidManifest.xml:21:5-23:78
MERGED from [com.android.support:animated-vector-drawable:23.4.0] AndroidManifest.xml:5:5-44
MERGED from [com.android.support:support-vector-drawable:23.4.0] AndroidManifest.xml:5:5-43
MERGED from [com.android.support:support-v4:23.4.0] AndroidManifest.xml:20:5-43
MERGED from [com.mixpanel.android:mixpanel-android:4.9.2] AndroidManifest.xml:11:5-13:41
	tools:overrideLibrary
		ADDED from [com.android.support:appcompat-v7:23.4.0] AndroidManifest.xml:23:9-75
	android:targetSdkVersion
		INJECTED from src\main\AndroidManifest.xml
		INJECTED from src\main\AndroidManifest.xml
	android:minSdkVersion
		INJECTED from src\main\AndroidManifest.xml
		INJECTED from src\main\AndroidManifest.xml